           Типы NET
1_BIT                         BIT_PIN_TYPE             //  1
0_BIT                         BIT_PIN_TYPE             //  2
NET00000                      S16_PIN_TYPE             //  3
NET00004                      S16_PIN_TYPE             //  4
NET00001                      S16_PIN_TYPE             //  5
NET00191                      S16_PIN_TYPE             //  6
NET00008                      S16_PIN_TYPE             //  7
NET00002                      S16_PIN_TYPE             //  8
0                             S16_PIN_TYPE             //  9
NET00003                      S32_PIN_TYPE             //  10
NET00014                      FLOAT_PIN_TYPE           //  11
PUSK_NETWORK                  BIT_PIN_TYPE             //  12
CLEAR_FAIL_NETWORK            BIT_PIN_TYPE             //  13
STOP_NETWORK                  BIT_PIN_TYPE             //  14
FAIL_STOP_NETWORK             BIT_PIN_TYPE             //  15
1                             S16_PIN_TYPE             //  16
TEXT_ON_OFF                   TXT_PIN_TYPE             //  17
NET00005                      S16_PIN_TYPE             //  18
BASE_HZ                       S16_PIN_TYPE             //  19
BASE_V                        S16_PIN_TYPE             //  20
BASE_A                        S16_PIN_TYPE             //  21
BASE_KWT                      S16_PIN_TYPE             //  22
NET00189                      S16_PIN_TYPE             //  23
NET00007                      S16_PIN_TYPE             //  24
NET00009                      S16_PIN_TYPE             //  25
NET00010                      S16_PIN_TYPE             //  26
NET00406                      S32_PIN_TYPE             //  27
NET00408                      S16_PIN_TYPE             //  28
NET00130                      TXT_PIN_TYPE             //  29
NET00017                      S16_PIN_TYPE             //  30
NET00400                      S16_PIN_TYPE             //  31
NET00402                      S16_PIN_TYPE             //  32
NET00403                      S16_PIN_TYPE             //  33
NET00404                      S16_PIN_TYPE             //  34
NET00411                      S16_PIN_TYPE             //  35
NET00413                      S16_PIN_TYPE             //  36
NET00414                      S16_PIN_TYPE             //  37
NET00409                      S16_PIN_TYPE             //  38
NET00039                      S16_PIN_TYPE             //  39
NET00387                      S16_PIN_TYPE             //  40
NET00386                      S16_PIN_TYPE             //  41
NET00037                      S16_PIN_TYPE             //  42
NET00038                      S16_PIN_TYPE             //  43
NET00040                      S16_PIN_TYPE             //  44
NET00006                      S16_PIN_TYPE             //  45
